2025-11-04 14:14:02,782 - INFO - 讀取 Excel 檔案: data\Philly BYOB Restaurant.xlsx
2025-11-04 14:14:03,688 - INFO - 限制處理數量: 3/42
2025-11-04 14:14:03,689 - INFO - 開始處理 3 家餐廳
2025-11-04 14:14:03,690 - INFO - 
處理進度: 1/3
2025-11-04 14:14:03,691 - INFO - 餐廳名稱: A Mano
2025-11-04 14:14:03,692 - INFO - 處理餐廳: A Mano
2025-11-04 14:14:03,969 - INFO - 搜尋: 'A Mano Philadelphia' (嘗試 1/3)
2025-11-04 14:14:06,797 - INFO - 找到餐廳: A Mano
2025-11-04 14:14:07,210 - INFO - 獲取 website: ChIJhd2AocnHxokRTDHURqkYN7A (嘗試 1/3)
2025-11-04 14:14:09,200 - INFO - 找到 website: http://amanophl.com/
2025-11-04 14:14:09,212 - INFO - ✅ 成功取得 website: http://amanophl.com/
2025-11-04 14:14:09,213 - INFO - 
處理進度: 2/3
2025-11-04 14:14:09,214 - INFO - 餐廳名稱: Adoro Restaurant
2025-11-04 14:14:09,215 - INFO - 處理餐廳: Adoro Restaurant
2025-11-04 14:14:09,619 - INFO - 搜尋: 'Adoro Restaurant Philadelphia' (嘗試 1/3)
2025-11-04 14:14:11,898 - INFO - 找到餐廳: Adoro Restaurant
2025-11-04 14:14:12,404 - INFO - 獲取 website: ChIJkR6Hl5_IxokRF-1qy9aRMGo (嘗試 1/3)
2025-11-04 14:14:14,528 - INFO - 找到 website: https://www.adorobistro.com/
2025-11-04 14:14:14,534 - INFO - ✅ 成功取得 website: https://www.adorobistro.com/
2025-11-04 14:14:14,535 - INFO - 
處理進度: 3/3
2025-11-04 14:14:14,536 - INFO - 餐廳名稱: Ambrosia Ristorante
2025-11-04 14:14:14,536 - INFO - 處理餐廳: Ambrosia Ristorante
2025-11-04 14:14:14,742 - INFO - 搜尋: 'Ambrosia Ristorante Philadelphia' (嘗試 1/3)
2025-11-04 14:14:17,137 - INFO - 找到餐廳: Ambrosia Ristorante
2025-11-04 14:14:17,408 - INFO - 獲取 website: ChIJq6pFv0fGxokR2lNwZLzH4Es (嘗試 1/3)
2025-11-04 14:14:19,476 - INFO - 找到 website: https://www.ambrosiaphilly.com/
2025-11-04 14:14:19,481 - INFO - ✅ 成功取得 website: https://www.ambrosiaphilly.com/
2025-11-04 14:14:19,536 - INFO - 
結果已儲存至: data\Philly BYOB Restaurant_with_websites_20251104_141419.xlsx
2025-11-04 14:14:19,537 - INFO - 
============================================================
2025-11-04 14:14:19,538 - INFO - 處理完成統計
2025-11-04 14:14:19,538 - INFO - ============================================================
2025-11-04 14:14:19,539 - INFO - 總處理數: 3
2025-11-04 14:14:19,541 - INFO - 成功取得 website: 3
2025-11-04 14:14:19,541 - INFO - 找到餐廳但無 website: 0
2025-11-04 14:14:19,543 - INFO - 處理失敗: 0
2025-11-04 14:14:19,545 - INFO - API 請求總數: 6
2025-11-04 14:14:19,546 - INFO - 成功率: 100.0%
2025-11-04 14:14:19,547 - INFO - ============================================================
2025-11-04 14:19:41,170 - INFO - 讀取 Excel 檔案: data\Philly BYOB Restaurant.xlsx
2025-11-04 14:19:42,034 - INFO - 開始處理 42 家餐廳
2025-11-04 14:19:42,035 - INFO - 
處理進度: 1/42
2025-11-04 14:19:42,036 - INFO - 餐廳名稱: A Mano
2025-11-04 14:19:42,036 - INFO - 處理餐廳: A Mano
2025-11-04 14:19:42,537 - INFO - 搜尋: 'A Mano Philadelphia' (嘗試 1/3)
2025-11-04 14:19:45,097 - INFO - 找到餐廳: A Mano
2025-11-04 14:19:45,596 - INFO - 獲取 website: ChIJhd2AocnHxokRTDHURqkYN7A (嘗試 1/3)
2025-11-04 14:19:47,695 - INFO - 找到 website: http://amanophl.com/
2025-11-04 14:19:47,702 - INFO - ✅ 成功取得 website: http://amanophl.com/
2025-11-04 14:19:47,703 - INFO - 
處理進度: 2/42
2025-11-04 14:19:47,704 - INFO - 餐廳名稱: Adoro Restaurant
2025-11-04 14:19:47,705 - INFO - 處理餐廳: Adoro Restaurant
2025-11-04 14:19:48,015 - INFO - 搜尋: 'Adoro Restaurant Philadelphia' (嘗試 1/3)
2025-11-04 14:19:50,353 - INFO - 找到餐廳: Adoro Restaurant
2025-11-04 14:19:50,734 - INFO - 獲取 website: ChIJkR6Hl5_IxokRF-1qy9aRMGo (嘗試 1/3)
2025-11-04 14:19:52,749 - INFO - 找到 website: https://www.adorobistro.com/
2025-11-04 14:19:52,755 - INFO - ✅ 成功取得 website: https://www.adorobistro.com/
2025-11-04 14:19:52,756 - INFO - 
處理進度: 3/42
2025-11-04 14:19:52,757 - INFO - 餐廳名稱: Ambrosia Ristorante
2025-11-04 14:19:52,759 - INFO - 處理餐廳: Ambrosia Ristorante
2025-11-04 14:19:53,033 - INFO - 搜尋: 'Ambrosia Ristorante Philadelphia' (嘗試 1/3)
2025-11-04 14:19:55,305 - INFO - 找到餐廳: Ambrosia Ristorante
2025-11-04 14:19:55,612 - INFO - 獲取 website: ChIJq6pFv0fGxokR2lNwZLzH4Es (嘗試 1/3)
2025-11-04 14:19:57,903 - INFO - 找到 website: https://www.ambrosiaphilly.com/
2025-11-04 14:19:57,909 - INFO - ✅ 成功取得 website: https://www.ambrosiaphilly.com/
2025-11-04 14:19:57,910 - INFO - 
處理進度: 4/42
2025-11-04 14:19:57,911 - INFO - 餐廳名稱: Bistro La Baia BYOB
2025-11-04 14:19:57,912 - INFO - 處理餐廳: Bistro La Baia BYOB
2025-11-04 14:19:58,163 - INFO - 搜尋: 'Bistro La Baia BYOB Philadelphia' (嘗試 1/3)
2025-11-04 14:20:00,559 - INFO - 找到餐廳: Bistro La Baia BYOB
2025-11-04 14:20:01,034 - INFO - 獲取 website: ChIJ_68vijvGxokR5M1A6b5y3iI (嘗試 1/3)
2025-11-04 14:20:03,059 - INFO - 找到 website: http://www.bistrolabaia.com/
2025-11-04 14:20:03,066 - INFO - ✅ 成功取得 website: http://www.bistrolabaia.com/
2025-11-04 14:20:03,067 - INFO - 
處理進度: 5/42
2025-11-04 14:20:03,067 - INFO - 餐廳名稱: Burrata
2025-11-04 14:20:03,068 - INFO - 處理餐廳: Burrata
2025-11-04 14:20:03,414 - INFO - 搜尋: 'Burrata Philadelphia' (嘗試 1/3)
2025-11-04 14:20:05,891 - INFO - 找到餐廳: Burrata
2025-11-04 14:20:06,170 - INFO - 獲取 website: ChIJVVW8GxrGxokRZJ1JaER4I58 (嘗試 1/3)
2025-11-04 14:20:08,207 - INFO - 找到 website: http://www.burrataphilly.com/
2025-11-04 14:20:08,221 - INFO - ✅ 成功取得 website: http://www.burrataphilly.com/
2025-11-04 14:20:08,223 - INFO - 
處理進度: 6/42
2025-11-04 14:20:08,225 - INFO - 餐廳名稱: Casa Nostra
2025-11-04 14:20:08,226 - INFO - 處理餐廳: Casa Nostra
2025-11-04 14:20:08,456 - INFO - 搜尋: 'Casa Nostra Philadelphia' (嘗試 1/3)
2025-11-04 14:20:10,703 - INFO - 找到餐廳: Casa Nostra
2025-11-04 14:20:11,149 - INFO - 獲取 website: ChIJSbgOWADJxokRzSBGLsEtQlA (嘗試 1/3)
2025-11-04 14:20:13,138 - INFO - 找到 website: http://www.casanostraphilly.com/
2025-11-04 14:20:13,143 - INFO - ✅ 成功取得 website: http://www.casanostraphilly.com/
2025-11-04 14:20:13,145 - INFO - 
處理進度: 7/42
2025-11-04 14:20:13,146 - INFO - 餐廳名稱: CHAR
2025-11-04 14:20:13,146 - INFO - 處理餐廳: CHAR
2025-11-04 14:20:13,546 - INFO - 搜尋: 'CHAR Philadelphia' (嘗試 1/3)
2025-11-04 14:20:15,781 - INFO - 找到餐廳: CHAR
2025-11-04 14:20:16,011 - INFO - 獲取 website: ChIJHwgb8DXJxokRxvOL7OgToSU (嘗試 1/3)
2025-11-04 14:20:18,019 - INFO - 找到 website: http://char.pizza/
2025-11-04 14:20:18,025 - INFO - ✅ 成功取得 website: http://char.pizza/
2025-11-04 14:20:18,026 - INFO - 
處理進度: 8/42
2025-11-04 14:20:18,028 - INFO - 餐廳名稱: El Chingon Philly
2025-11-04 14:20:18,028 - INFO - 處理餐廳: El Chingon Philly
2025-11-04 14:20:18,406 - INFO - 搜尋: 'El Chingon Philly Philadelphia' (嘗試 1/3)
2025-11-04 14:20:20,703 - INFO - 找到餐廳: El Chingon Philly
2025-11-04 14:20:20,968 - INFO - 獲取 website: ChIJk73lx2nHxokRHe5KlTo3kD8 (嘗試 1/3)
2025-11-04 14:20:22,937 - INFO - 找到 website: https://www.elchingonphilly.com/
2025-11-04 14:20:22,943 - INFO - ✅ 成功取得 website: https://www.elchingonphilly.com/
2025-11-04 14:20:22,944 - INFO - 
處理進度: 9/42
2025-11-04 14:20:22,945 - INFO - 餐廳名稱: Elma
2025-11-04 14:20:22,945 - INFO - 處理餐廳: Elma
2025-11-04 14:20:23,290 - INFO - 搜尋: 'Elma Philadelphia' (嘗試 1/3)
2025-11-04 14:20:25,816 - INFO - 找到餐廳: Elma
2025-11-04 14:20:26,175 - INFO - 獲取 website: ChIJr1RdGS3JxokRSMYKb1l4rUU (嘗試 1/3)
2025-11-04 14:20:28,282 - INFO - 找到 website: https://www.elmaphilly.com/
2025-11-04 14:20:28,294 - INFO - ✅ 成功取得 website: https://www.elmaphilly.com/
2025-11-04 14:20:28,296 - INFO - 
處理進度: 10/42
2025-11-04 14:20:28,297 - INFO - 餐廳名稱: Giorgio On Pine
2025-11-04 14:20:28,298 - INFO - 處理餐廳: Giorgio On Pine
2025-11-04 14:20:28,518 - INFO - 搜尋: 'Giorgio On Pine Philadelphia' (嘗試 1/3)
2025-11-04 14:20:31,106 - INFO - 找到餐廳: Giorgio On Pine
2025-11-04 14:20:31,535 - INFO - 獲取 website: ChIJ20RtkiTGxokRhppVZdYzvq0 (嘗試 1/3)
2025-11-04 14:20:33,577 - INFO - 找到 website: https://www.giorgio-on-pine.com/
2025-11-04 14:20:33,582 - INFO - ✅ 成功取得 website: https://www.giorgio-on-pine.com/
2025-11-04 14:20:33,583 - INFO - 
進度摘要: 成功 10, 無 website 0, 錯誤 0
2025-11-04 14:20:33,584 - INFO - 
處理進度: 11/42
2025-11-04 14:20:33,585 - INFO - 餐廳名稱: Giorgio on Pine II
2025-11-04 14:20:33,586 - INFO - 處理餐廳: Giorgio on Pine II
2025-11-04 14:20:33,847 - INFO - 搜尋: 'Giorgio on Pine II Philadelphia' (嘗試 1/3)
2025-11-04 14:20:36,532 - INFO - 找到餐廳: Giorgio on Pine II
2025-11-04 14:20:36,773 - INFO - 獲取 website: ChIJed3EhunHxokRjotISJYszew (嘗試 1/3)
2025-11-04 14:20:38,983 - INFO - 找到 website: https://giorgioonpine2.com/
2025-11-04 14:20:38,989 - INFO - ✅ 成功取得 website: https://giorgioonpine2.com/
2025-11-04 14:20:38,990 - INFO - 
處理進度: 12/42
2025-11-04 14:20:38,992 - INFO - 餐廳名稱: Helm
2025-11-04 14:20:38,992 - INFO - 處理餐廳: Helm
2025-11-04 14:20:39,479 - INFO - 搜尋: 'Helm Philadelphia' (嘗試 1/3)
2025-11-04 14:20:41,784 - INFO - 找到餐廳: Helm
2025-11-04 14:20:42,084 - INFO - 獲取 website: ChIJh-B-i3HIxokRNbVQ7LyouDY (嘗試 1/3)
2025-11-04 14:20:44,208 - INFO - 找到 website: http://helmphilly.com/
2025-11-04 14:20:44,214 - INFO - ✅ 成功取得 website: http://helmphilly.com/
2025-11-04 14:20:44,215 - INFO - 
處理進度: 13/42
2025-11-04 14:20:44,216 - INFO - 餐廳名稱: Hikari Sushi
2025-11-04 14:20:44,216 - INFO - 處理餐廳: Hikari Sushi
2025-11-04 14:20:44,631 - INFO - 搜尋: 'Hikari Sushi Philadelphia' (嘗試 1/3)
2025-11-04 14:20:46,969 - INFO - 找到餐廳: Hikari Sushi
2025-11-04 14:20:47,329 - INFO - 獲取 website: ChIJa7LMlm_IxokRP5dTKrcBQIY (嘗試 1/3)
2025-11-04 14:20:49,356 - INFO - 找到 website: http://www.hikariphilly.com/
2025-11-04 14:20:49,362 - INFO - ✅ 成功取得 website: http://www.hikariphilly.com/
2025-11-04 14:20:49,363 - INFO - 
處理進度: 14/42
2025-11-04 14:20:49,364 - INFO - 餐廳名稱: ILLATA
2025-11-04 14:20:49,365 - INFO - 處理餐廳: ILLATA
2025-11-04 14:20:49,839 - INFO - 搜尋: 'ILLATA Philadelphia' (嘗試 1/3)
2025-11-04 14:20:52,112 - INFO - 找到餐廳: ILLATA
2025-11-04 14:20:52,379 - INFO - 獲取 website: ChIJuzvzvVLHxokRLKEZDQ9015A (嘗試 1/3)
2025-11-04 14:20:54,422 - INFO - 找到 website: http://www.illataphl.com/
2025-11-04 14:20:54,428 - INFO - ✅ 成功取得 website: http://www.illataphl.com/
2025-11-04 14:20:54,429 - INFO - 
處理進度: 15/42
2025-11-04 14:20:54,430 - INFO - 餐廳名稱: Kei Sushi
2025-11-04 14:20:54,431 - INFO - 處理餐廳: Kei Sushi
2025-11-04 14:20:54,929 - INFO - 搜尋: 'Kei Sushi Philadelphia' (嘗試 1/3)
2025-11-04 14:20:57,363 - INFO - 找到餐廳: Kei Sushi Restaurant
2025-11-04 14:20:57,594 - INFO - 獲取 website: ChIJkWyPEjzGxokRQoT3Fx__tu0 (嘗試 1/3)
2025-11-04 14:20:59,617 - INFO - 找到 website: https://keisushiphilly.net/?utm_source=google
2025-11-04 14:20:59,625 - INFO - ✅ 成功取得 website: https://keisushiphilly.net/?utm_source=google
2025-11-04 14:20:59,626 - INFO - 
處理進度: 16/42
2025-11-04 14:20:59,628 - INFO - 餐廳名稱: Kichi Omakase
2025-11-04 14:20:59,629 - INFO - 處理餐廳: Kichi Omakase
2025-11-04 14:21:00,053 - INFO - 搜尋: 'Kichi Omakase Philadelphia' (嘗試 1/3)
2025-11-04 14:21:02,667 - INFO - 找到餐廳: Kichi Omakase
2025-11-04 14:21:03,034 - INFO - 獲取 website: ChIJwRs6yZfHxokRU2SSRMhxUOU (嘗試 1/3)
2025-11-04 14:21:05,056 - WARNING - Place Details 中沒有 website
2025-11-04 14:21:05,061 - WARNING - ❌ 處理失敗: no_website
2025-11-04 14:21:05,062 - INFO - 
處理進度: 17/42
2025-11-04 14:21:05,063 - INFO - 餐廳名稱: Kinme
2025-11-04 14:21:05,063 - INFO - 處理餐廳: Kinme
2025-11-04 14:21:05,393 - INFO - 搜尋: 'Kinme Philadelphia' (嘗試 1/3)
2025-11-04 14:21:07,716 - INFO - 找到餐廳: Kinme
2025-11-04 14:21:07,945 - INFO - 獲取 website: ChIJqQlSCSbGxokRxzoomxoe6Q4 (嘗試 1/3)
2025-11-04 14:21:10,163 - INFO - 找到 website: https://kinmepa.com/
2025-11-04 14:21:10,174 - INFO - ✅ 成功取得 website: https://kinmepa.com/
2025-11-04 14:21:10,176 - INFO - 
處理進度: 18/42
2025-11-04 14:21:10,180 - INFO - 餐廳名稱: KINTO Cozy & Authentic Georgian Restaurant
2025-11-04 14:21:10,181 - INFO - 處理餐廳: KINTO Cozy & Authentic Georgian Restaurant
2025-11-04 14:21:10,472 - INFO - 搜尋: 'KINTO Cozy & Authentic Georgian Restaurant Philadelphia' (嘗試 1/3)
2025-11-04 14:21:12,863 - INFO - 找到餐廳: KINTO Cozy & Authentic Georgian Restaurant
2025-11-04 14:21:13,184 - INFO - 獲取 website: ChIJ6wPik0jJxokRn_mXFIhrmvo (嘗試 1/3)
2025-11-04 14:21:15,475 - INFO - 找到 website: https://kintophilly.com/
2025-11-04 14:21:15,487 - INFO - ✅ 成功取得 website: https://kintophilly.com/
2025-11-04 14:21:15,489 - INFO - 
處理進度: 19/42
2025-11-04 14:21:15,491 - INFO - 餐廳名稱: La Nonna
2025-11-04 14:21:15,492 - INFO - 處理餐廳: La Nonna
2025-11-04 14:21:15,743 - INFO - 搜尋: 'La Nonna Philadelphia' (嘗試 1/3)
2025-11-04 14:21:18,042 - INFO - 找到餐廳: La Nonna
2025-11-04 14:21:18,449 - INFO - 獲取 website: ChIJR_sXcZnIxokRI6dOYPg_CfU (嘗試 1/3)
2025-11-04 14:21:20,495 - INFO - 找到 website: http://ristorantelanonna.com/
2025-11-04 14:21:20,500 - INFO - ✅ 成功取得 website: http://ristorantelanonna.com/
2025-11-04 14:21:20,502 - INFO - 
處理進度: 20/42
2025-11-04 14:21:20,503 - INFO - 餐廳名稱: La Sera Italiana BYOB
2025-11-04 14:21:20,503 - INFO - 處理餐廳: La Sera Italiana BYOB
2025-11-04 14:21:20,747 - INFO - 搜尋: 'La Sera Italiana BYOB Philadelphia' (嘗試 1/3)
2025-11-04 14:21:23,102 - INFO - 找到餐廳: La Sera Italiana BYOB
2025-11-04 14:21:23,551 - INFO - 獲取 website: ChIJZZhKRH_HxokRhrjLnwJ9dgA (嘗試 1/3)
2025-11-04 14:21:25,616 - INFO - 找到 website: https://www.laseraitaliana.com/
2025-11-04 14:21:25,622 - INFO - ✅ 成功取得 website: https://www.laseraitaliana.com/
2025-11-04 14:21:25,623 - INFO - 
進度摘要: 成功 19, 無 website 0, 錯誤 1
2025-11-04 14:21:25,624 - INFO - 
處理進度: 21/42
2025-11-04 14:21:25,625 - INFO - 餐廳名稱: La Viola Bistro
2025-11-04 14:21:25,625 - INFO - 處理餐廳: La Viola Bistro
2025-11-04 14:21:25,974 - INFO - 搜尋: 'La Viola Bistro Philadelphia' (嘗試 1/3)
2025-11-04 14:21:28,412 - INFO - 找到餐廳: La Viola Bistro
2025-11-04 14:21:28,920 - INFO - 獲取 website: ChIJe2br5zrGxokRJ-KeG01teFA (嘗試 1/3)
2025-11-04 14:21:30,947 - INFO - 找到 website: http://laviolaphiladelphia.com/
2025-11-04 14:21:30,953 - INFO - ✅ 成功取得 website: http://laviolaphiladelphia.com/
2025-11-04 14:21:30,954 - INFO - 
處理進度: 22/42
2025-11-04 14:21:30,955 - INFO - 餐廳名稱: L'Angolo Ristorante
2025-11-04 14:21:30,956 - INFO - 處理餐廳: L'Angolo Ristorante
2025-11-04 14:21:31,241 - INFO - 搜尋: 'L'Angolo Ristorante Philadelphia' (嘗試 1/3)
2025-11-04 14:21:33,674 - INFO - 找到餐廳: L'Angolo Ristorante
2025-11-04 14:21:34,033 - INFO - 獲取 website: ChIJeciRBeLFxokR27sxVM-hz7U (嘗試 1/3)
2025-11-04 14:21:36,453 - WARNING - Place Details 中沒有 website
2025-11-04 14:21:36,465 - WARNING - ❌ 處理失敗: no_website
2025-11-04 14:21:36,467 - INFO - 
處理進度: 23/42
2025-11-04 14:21:36,472 - INFO - 餐廳名稱: L'Anima
2025-11-04 14:21:36,473 - INFO - 處理餐廳: L'Anima
2025-11-04 14:21:36,876 - INFO - 搜尋: 'L'Anima Philadelphia' (嘗試 1/3)
2025-11-04 14:21:39,287 - INFO - 找到餐廳: L'Anima
2025-11-04 14:21:39,716 - INFO - 獲取 website: ChIJRcV7pmvHxokRchmLjQk2tbM (嘗試 1/3)
2025-11-04 14:21:41,730 - INFO - 找到 website: http://www.lanimaphiladelphia.com/
2025-11-04 14:21:41,737 - INFO - ✅ 成功取得 website: http://www.lanimaphiladelphia.com/
2025-11-04 14:21:41,739 - INFO - 
處理進度: 24/42
2025-11-04 14:21:41,739 - INFO - 餐廳名稱: Little Fish BYOB
2025-11-04 14:21:41,740 - INFO - 處理餐廳: Little Fish BYOB
2025-11-04 14:21:42,127 - INFO - 搜尋: 'Little Fish BYOB Philadelphia' (嘗試 1/3)
2025-11-04 14:21:44,441 - INFO - 找到餐廳: Little Fish BYOB
2025-11-04 14:21:44,716 - INFO - 獲取 website: ChIJwTNAtJ_IxokRRk7dk_j0DR8 (嘗試 1/3)
2025-11-04 14:21:46,805 - INFO - 找到 website: https://www.littlefishbyob.com/
2025-11-04 14:21:46,818 - INFO - ✅ 成功取得 website: https://www.littlefishbyob.com/
2025-11-04 14:21:46,821 - INFO - 
處理進度: 25/42
2025-11-04 14:21:46,822 - INFO - 餐廳名稱: Luna BYOB
2025-11-04 14:21:46,823 - INFO - 處理餐廳: Luna BYOB
2025-11-04 14:21:47,264 - INFO - 搜尋: 'Luna BYOB Philadelphia' (嘗試 1/3)
2025-11-04 14:21:49,611 - INFO - 找到餐廳: Luna BYOB
2025-11-04 14:21:49,892 - INFO - 獲取 website: ChIJ7SCFXlTHxokRcdR0vHyqwn4 (嘗試 1/3)
2025-11-04 14:21:51,944 - INFO - 找到 website: https://lunabyob.com/
2025-11-04 14:21:51,956 - INFO - ✅ 成功取得 website: https://lunabyob.com/
2025-11-04 14:21:51,958 - INFO - 
處理進度: 26/42
2025-11-04 14:21:51,959 - INFO - 餐廳名稱: Mawn
2025-11-04 14:21:51,960 - INFO - 處理餐廳: Mawn
2025-11-04 14:21:52,170 - INFO - 搜尋: 'Mawn Philadelphia' (嘗試 1/3)
2025-11-04 14:21:54,602 - INFO - 找到餐廳: Mawn
2025-11-04 14:21:55,109 - INFO - 獲取 website: ChIJ9equ8v_HxokRnlJXbZNx-nM (嘗試 1/3)
2025-11-04 14:21:57,137 - INFO - 找到 website: https://mawnphilly.com/
2025-11-04 14:21:57,148 - INFO - ✅ 成功取得 website: https://mawnphilly.com/
2025-11-04 14:21:57,154 - INFO - 
處理進度: 27/42
2025-11-04 14:21:57,156 - INFO - 餐廳名稱: Melograno
2025-11-04 14:21:57,157 - INFO - 處理餐廳: Melograno
2025-11-04 14:21:57,653 - INFO - 搜尋: 'Melograno Philadelphia' (嘗試 1/3)
2025-11-04 14:22:00,051 - INFO - 找到餐廳: Melograno
2025-11-04 14:22:00,383 - INFO - 獲取 website: ChIJT0v4bjfGxokRgWwX_20r3Xc (嘗試 1/3)
2025-11-04 14:22:03,203 - INFO - 找到 website: http://www.melogranophiladelphia.com/
2025-11-04 14:22:03,210 - INFO - ✅ 成功取得 website: http://www.melogranophiladelphia.com/
2025-11-04 14:22:03,212 - INFO - 
處理進度: 28/42
2025-11-04 14:22:03,213 - INFO - 餐廳名稱: Mercato
2025-11-04 14:22:03,214 - INFO - 處理餐廳: Mercato
2025-11-04 14:22:03,584 - INFO - 搜尋: 'Mercato Philadelphia' (嘗試 1/3)
2025-11-04 14:22:07,822 - INFO - 找到餐廳: Mercato
2025-11-04 14:22:08,283 - INFO - 獲取 website: ChIJG2axyiXGxokRxc97W_zV1k8 (嘗試 1/3)
2025-11-04 14:22:10,549 - INFO - 找到 website: http://www.mercatobyob.com/
2025-11-04 14:22:10,555 - INFO - ✅ 成功取得 website: http://www.mercatobyob.com/
2025-11-04 14:22:10,556 - INFO - 
處理進度: 29/42
2025-11-04 14:22:10,557 - INFO - 餐廳名稱: Nakama Japanese Cuisines & Omakase
2025-11-04 14:22:10,557 - INFO - 處理餐廳: Nakama Japanese Cuisines & Omakase
2025-11-04 14:22:10,959 - INFO - 搜尋: 'Nakama Japanese Cuisines & Omakase Philadelphia' (嘗試 1/3)
2025-11-04 14:22:13,461 - INFO - 找到餐廳: Nakama Japanese Cuisines & Omakase
2025-11-04 14:22:13,894 - INFO - 獲取 website: ChIJCbdYjUvHxokRhDWiVwGBZQs (嘗試 1/3)
2025-11-04 14:22:16,245 - INFO - 找到 website: https://exploretock.com/nakama-japanese-cuisines--omakase-philadelphia
2025-11-04 14:22:16,251 - INFO - ✅ 成功取得 website: https://exploretock.com/nakama-japanese-cuisines--omakase-philadelphia
2025-11-04 14:22:16,252 - INFO - 
處理進度: 30/42
2025-11-04 14:22:16,254 - INFO - 餐廳名稱: Nori Sushi
2025-11-04 14:22:16,254 - INFO - 處理餐廳: Nori Sushi
2025-11-04 14:22:16,693 - INFO - 搜尋: 'Nori Sushi Philadelphia' (嘗試 1/3)
2025-11-04 14:22:19,244 - INFO - 找到餐廳: Nori Sushi
2025-11-04 14:22:19,584 - INFO - 獲取 website: ChIJ97fUaDzGxokRmrM3PdaNGFc (嘗試 1/3)
2025-11-04 14:22:21,863 - INFO - 找到 website: https://norisushi1636.com/
2025-11-04 14:22:21,870 - INFO - ✅ 成功取得 website: https://norisushi1636.com/
2025-11-04 14:22:21,871 - INFO - 
進度摘要: 成功 28, 無 website 0, 錯誤 2
2025-11-04 14:22:21,876 - INFO - 
處理進度: 31/42
2025-11-04 14:22:21,878 - INFO - 餐廳名稱: Olea
2025-11-04 14:22:21,879 - INFO - 處理餐廳: Olea
2025-11-04 14:22:22,110 - INFO - 搜尋: 'Olea Philadelphia' (嘗試 1/3)
2025-11-04 14:22:24,643 - INFO - 找到餐廳: Olea
2025-11-04 14:22:25,148 - INFO - 獲取 website: ChIJS5m6X-fJxokRLklMwIFLzls (嘗試 1/3)
2025-11-04 14:22:27,180 - INFO - 找到 website: http://oleaphilly.com/
2025-11-04 14:22:27,187 - INFO - ✅ 成功取得 website: http://oleaphilly.com/
2025-11-04 14:22:27,188 - INFO - 
處理進度: 32/42
2025-11-04 14:22:27,189 - INFO - 餐廳名稱: Paffuto
2025-11-04 14:22:27,189 - INFO - 處理餐廳: Paffuto
2025-11-04 14:22:27,447 - INFO - 搜尋: 'Paffuto Philadelphia' (嘗試 1/3)
2025-11-04 14:22:29,741 - INFO - 找到餐廳: Paffuto
2025-11-04 14:22:30,136 - INFO - 獲取 website: ChIJi8N5IoHHxokRWKWtl8SjHWs (嘗試 1/3)
2025-11-04 14:22:32,166 - INFO - 找到 website: https://www.paffutophl.com/
2025-11-04 14:22:32,172 - INFO - ✅ 成功取得 website: https://www.paffutophl.com/
2025-11-04 14:22:32,174 - INFO - 
處理進度: 33/42
2025-11-04 14:22:32,175 - INFO - 餐廳名稱: Pera Turkish Cuisine
2025-11-04 14:22:32,176 - INFO - 處理餐廳: Pera Turkish Cuisine
2025-11-04 14:22:32,580 - INFO - 搜尋: 'Pera Turkish Cuisine Philadelphia' (嘗試 1/3)
2025-11-04 14:22:34,925 - INFO - 找到餐廳: Pera Turkish Cuisine
2025-11-04 14:22:35,377 - INFO - 獲取 website: ChIJA5k8cmXIxokRGfyDVMu8FAI (嘗試 1/3)
2025-11-04 14:22:37,416 - INFO - 找到 website: http://www.peraphiladelphia.com/
2025-11-04 14:22:37,422 - INFO - ✅ 成功取得 website: http://www.peraphiladelphia.com/
2025-11-04 14:22:37,423 - INFO - 
處理進度: 34/42
2025-11-04 14:22:37,424 - INFO - 餐廳名稱: Rice & Sambal
2025-11-04 14:22:37,424 - INFO - 處理餐廳: Rice & Sambal
2025-11-04 14:22:37,685 - INFO - 搜尋: 'Rice & Sambal Philadelphia' (嘗試 1/3)
2025-11-04 14:22:40,040 - INFO - 找到餐廳: Rice & Sambal
2025-11-04 14:22:40,422 - INFO - 獲取 website: ChIJGSBJd5THxokRkKsC6D7xmuI (嘗試 1/3)
2025-11-04 14:22:42,484 - INFO - 找到 website: https://ricensambal.com/
2025-11-04 14:22:42,492 - INFO - ✅ 成功取得 website: https://ricensambal.com/
2025-11-04 14:22:42,493 - INFO - 
處理進度: 35/42
2025-11-04 14:22:42,494 - INFO - 餐廳名稱: Sawatdee
2025-11-04 14:22:42,494 - INFO - 處理餐廳: Sawatdee
2025-11-04 14:22:42,849 - INFO - 搜尋: 'Sawatdee Philadelphia' (嘗試 1/3)
2025-11-04 14:22:45,169 - INFO - 找到餐廳: Sawatdee
2025-11-04 14:22:45,474 - INFO - 獲取 website: ChIJKV2kvDzGxokRcEMTIGOPHaI (嘗試 1/3)
2025-11-04 14:22:47,526 - INFO - 找到 website: https://www.sawatdeephiladelphia.com/
2025-11-04 14:22:47,532 - INFO - ✅ 成功取得 website: https://www.sawatdeephiladelphia.com/
2025-11-04 14:22:47,533 - INFO - 
處理進度: 36/42
2025-11-04 14:22:47,534 - INFO - 餐廳名稱: Scannicchio's
2025-11-04 14:22:47,534 - INFO - 處理餐廳: Scannicchio's
2025-11-04 14:22:47,772 - INFO - 搜尋: 'Scannicchio's Philadelphia' (嘗試 1/3)
2025-11-04 14:22:50,188 - INFO - 找到餐廳: Scannicchio's
2025-11-04 14:22:50,545 - INFO - 獲取 website: ChIJFUP8EeLFxokRc8OtFMPJMnw (嘗試 1/3)
2025-11-04 14:22:52,777 - INFO - 找到 website: http://www.scannicchio.online/
2025-11-04 14:22:52,783 - INFO - ✅ 成功取得 website: http://www.scannicchio.online/
2025-11-04 14:22:52,784 - INFO - 
處理進度: 37/42
2025-11-04 14:22:52,785 - INFO - 餐廳名稱: Stina
2025-11-04 14:22:52,785 - INFO - 處理餐廳: Stina
2025-11-04 14:22:53,272 - INFO - 搜尋: 'Stina Philadelphia' (嘗試 1/3)
2025-11-04 14:22:55,629 - INFO - 找到餐廳: Stina
2025-11-04 14:22:56,063 - INFO - 獲取 website: ChIJSajJP83HxokRqoLYdDTKvWw (嘗試 1/3)
2025-11-04 14:22:58,151 - INFO - 找到 website: http://www.stinapizzeria.com/
2025-11-04 14:22:58,157 - INFO - ✅ 成功取得 website: http://www.stinapizzeria.com/
2025-11-04 14:22:58,158 - INFO - 
處理進度: 38/42
2025-11-04 14:22:58,159 - INFO - 餐廳名稱: Tamalex Restaurant
2025-11-04 14:22:58,160 - INFO - 處理餐廳: Tamalex Restaurant
2025-11-04 14:22:58,393 - INFO - 搜尋: 'Tamalex Restaurant Philadelphia' (嘗試 1/3)
2025-11-04 14:23:00,960 - INFO - 找到餐廳: Tamalex Restaurant
2025-11-04 14:23:01,311 - INFO - 獲取 website: ChIJXZbYEx7GxokRZNLQHSxtN5E (嘗試 1/3)
2025-11-04 14:23:03,536 - INFO - 找到 website: http://tamalexphilly.com/
2025-11-04 14:23:03,543 - INFO - ✅ 成功取得 website: http://tamalexphilly.com/
2025-11-04 14:23:03,544 - INFO - 
處理進度: 39/42
2025-11-04 14:23:03,544 - INFO - 餐廳名稱: Thai Square Restaurant
2025-11-04 14:23:03,545 - INFO - 處理餐廳: Thai Square Restaurant
2025-11-04 14:23:03,930 - INFO - 搜尋: 'Thai Square Restaurant Philadelphia' (嘗試 1/3)
2025-11-04 14:23:07,408 - INFO - 找到餐廳: Thai Square Restaurant
2025-11-04 14:23:07,678 - INFO - 獲取 website: ChIJwamFckLGxokRjMpj4kmqjYg (嘗試 1/3)
2025-11-04 14:23:09,706 - INFO - 找到 website: http://www.thaisquarephilly.com/
2025-11-04 14:23:09,711 - INFO - ✅ 成功取得 website: http://www.thaisquarephilly.com/
2025-11-04 14:23:09,712 - INFO - 
處理進度: 40/42
2025-11-04 14:23:09,713 - INFO - 餐廳名稱: Trattoria Carina
2025-11-04 14:23:09,714 - INFO - 處理餐廳: Trattoria Carina
2025-11-04 14:23:10,056 - INFO - 搜尋: 'Trattoria Carina Philadelphia' (嘗試 1/3)
2025-11-04 14:23:12,428 - INFO - 找到餐廳: Trattoria Carina
2025-11-04 14:23:12,863 - INFO - 獲取 website: ChIJefqHgEfGxokR2yiX5q2ggWw (嘗試 1/3)
2025-11-04 14:23:14,876 - INFO - 找到 website: http://trattoriacarina.com/
2025-11-04 14:23:14,881 - INFO - ✅ 成功取得 website: http://trattoriacarina.com/
2025-11-04 14:23:14,882 - INFO - 
進度摘要: 成功 38, 無 website 0, 錯誤 2
2025-11-04 14:23:14,883 - INFO - 
處理進度: 41/42
2025-11-04 14:23:14,883 - INFO - 餐廳名稱: Vic Sushi Bar
2025-11-04 14:23:14,884 - INFO - 處理餐廳: Vic Sushi Bar
2025-11-04 14:23:15,103 - INFO - 搜尋: 'Vic Sushi Bar Philadelphia' (嘗試 1/3)
2025-11-04 14:23:17,402 - INFO - 找到餐廳: Vic Sushi Bar
2025-11-04 14:23:17,745 - INFO - 獲取 website: ChIJnYJEdjfGxokR74CX7xEG7gk (嘗試 1/3)
2025-11-04 14:23:19,763 - INFO - 找到 website: http://vic-sushi.com/
2025-11-04 14:23:19,768 - INFO - ✅ 成功取得 website: http://vic-sushi.com/
2025-11-04 14:23:19,775 - INFO - 
處理進度: 42/42
2025-11-04 14:23:19,776 - INFO - 餐廳名稱: Vientiane Café
2025-11-04 14:23:19,776 - INFO - 處理餐廳: Vientiane Café
2025-11-04 14:23:20,198 - INFO - 搜尋: 'Vientiane Café Philadelphia' (嘗試 1/3)
2025-11-04 14:23:22,843 - INFO - 找到餐廳: Vientiane Café
2025-11-04 14:23:23,062 - INFO - 獲取 website: ChIJz9S0iOzGxokR9FjS6-G5Rio (嘗試 1/3)
2025-11-04 14:23:25,131 - INFO - 找到 website: http://www.vientiane-cafe.com/
2025-11-04 14:23:25,144 - INFO - ✅ 成功取得 website: http://www.vientiane-cafe.com/
2025-11-04 14:23:25,367 - INFO - 
結果已儲存至: data\Philly BYOB Restaurant_with_websites_20251104_142325.xlsx
2025-11-04 14:23:25,368 - INFO - 
============================================================
2025-11-04 14:23:25,369 - INFO - 處理完成統計
2025-11-04 14:23:25,370 - INFO - ============================================================
2025-11-04 14:23:25,370 - INFO - 總處理數: 42
2025-11-04 14:23:25,371 - INFO - 成功取得 website: 40
2025-11-04 14:23:25,371 - INFO - 找到餐廳但無 website: 0
2025-11-04 14:23:25,372 - INFO - 處理失敗: 2
2025-11-04 14:23:25,372 - INFO - API 請求總數: 84
2025-11-04 14:23:25,373 - INFO - 成功率: 95.2%
2025-11-04 14:23:25,373 - INFO - ============================================================
2025-11-04 19:07:17,075 - INFO - 讀取 Excel 檔案: data\Philly BYOB Restaurant google form.xlsx
2025-11-04 19:07:18,552 - INFO - 開始處理 20 家餐廳
2025-11-04 19:07:18,554 - INFO - 
處理進度: 1/20
2025-11-04 19:07:18,555 - INFO - 餐廳名稱: Kung Fu Hot Pot
2025-11-04 19:07:18,555 - INFO - 處理餐廳: Kung Fu Hot Pot
2025-11-04 19:07:18,947 - INFO - 搜尋: 'Kung Fu Hot Pot Philadelphia' (嘗試 1/3)
2025-11-04 19:07:22,573 - INFO - 找到餐廳: Kungfu Hotpot
2025-11-04 19:07:22,950 - INFO - 獲取 website: ChIJ5ZgRKQTHxokRjyCW2J4pCUw (嘗試 1/3)
2025-11-04 19:07:26,086 - WARNING - Place Details 中沒有 website
2025-11-04 19:07:26,100 - WARNING - ❌ 處理失敗: no_website
2025-11-04 19:07:26,102 - INFO - 
處理進度: 2/20
2025-11-04 19:07:26,103 - INFO - 餐廳名稱: Scampi
2025-11-04 19:07:26,103 - INFO - 處理餐廳: Scampi
2025-11-04 19:07:26,348 - INFO - 搜尋: 'Scampi Philadelphia' (嘗試 1/3)
2025-11-04 19:07:30,594 - INFO - 找到餐廳: Scampi
2025-11-04 19:07:31,054 - INFO - 獲取 website: ChIJ___qQJnIxokRuEeCt5PwGL0 (嘗試 1/3)
2025-11-04 19:07:33,616 - INFO - 找到 website: https://www.scampiphilly.com/menu
2025-11-04 19:07:33,624 - INFO - ✅ 成功取得 website: https://www.scampiphilly.com/menu
2025-11-04 19:07:33,625 - INFO - 
處理進度: 3/20
2025-11-04 19:07:33,627 - INFO - 餐廳名稱: June BYOB
2025-11-04 19:07:33,628 - INFO - 處理餐廳: June BYOB
2025-11-04 19:07:34,102 - INFO - 搜尋: 'June BYOB Philadelphia' (嘗試 1/3)
2025-11-04 19:07:36,636 - INFO - 找到餐廳: June BYOB
2025-11-04 19:07:37,126 - INFO - 獲取 website: ChIJJU7L2zzHxokRH-42qOQSrWo (嘗試 1/3)
2025-11-04 19:07:39,391 - INFO - 找到 website: http://www.junebyob.com/
2025-11-04 19:07:39,397 - INFO - ✅ 成功取得 website: http://www.junebyob.com/
2025-11-04 19:07:39,399 - INFO - 
處理進度: 4/20
2025-11-04 19:07:39,400 - INFO - 餐廳名稱: Zeppoli
2025-11-04 19:07:39,400 - INFO - 處理餐廳: Zeppoli
2025-11-04 19:07:39,791 - INFO - 搜尋: 'Zeppoli Philadelphia' (嘗試 1/3)
2025-11-04 19:07:42,772 - INFO - 找到餐廳: Zeppoli
2025-11-04 19:07:43,163 - INFO - 獲取 website: ChIJmxaEfTXJxokR2-jTHNSGdyk (嘗試 1/3)
2025-11-04 19:07:45,479 - INFO - 找到 website: http://www.zeppolirestaurant.com/
2025-11-04 19:07:45,489 - INFO - ✅ 成功取得 website: http://www.zeppolirestaurant.com/
2025-11-04 19:07:45,490 - INFO - 
處理進度: 5/20
2025-11-04 19:07:45,491 - INFO - 餐廳名稱: Alyan’s Middle Eastern & Mediterranean Restaurant
2025-11-04 19:07:45,492 - INFO - 處理餐廳: Alyan’s Middle Eastern & Mediterranean Restaurant
2025-11-04 19:07:45,826 - INFO - 搜尋: 'Alyan’s Middle Eastern & Mediterranean Restaurant Philadelphia' (嘗試 1/3)
2025-11-04 19:07:49,009 - INFO - 找到餐廳: Alyan's Middle Eastern & Mediterranean Restaurant
2025-11-04 19:07:49,308 - INFO - 獲取 website: ChIJAXiksZ7IxokRWEZ6Pe7BDtw (嘗試 1/3)
2025-11-04 19:07:51,468 - WARNING - Place Details 中沒有 website
2025-11-04 19:07:51,474 - WARNING - ❌ 處理失敗: no_website
2025-11-04 19:07:51,475 - INFO - 
處理進度: 6/20
2025-11-04 19:07:51,476 - INFO - 餐廳名稱: Casablanca Mediterranean Grill
2025-11-04 19:07:51,477 - INFO - 處理餐廳: Casablanca Mediterranean Grill
2025-11-04 19:07:51,818 - INFO - 搜尋: 'Casablanca Mediterranean Grill Philadelphia' (嘗試 1/3)
2025-11-04 19:07:54,566 - INFO - 找到餐廳: Casablanca Mediterranean Grill
2025-11-04 19:07:54,906 - INFO - 獲取 website: ChIJfUvQQWrHxokRB4nd3ehfSbQ (嘗試 1/3)
2025-11-04 19:07:57,670 - INFO - 找到 website: http://www.casablanca-grill.com/
2025-11-04 19:07:57,676 - INFO - ✅ 成功取得 website: http://www.casablanca-grill.com/
2025-11-04 19:07:57,677 - INFO - 
處理進度: 7/20
2025-11-04 19:07:57,679 - INFO - 餐廳名稱: Fiorino
2025-11-04 19:07:57,680 - INFO - 處理餐廳: Fiorino
2025-11-04 19:07:57,990 - INFO - 搜尋: 'Fiorino Philadelphia' (嘗試 1/3)
2025-11-04 19:08:02,226 - INFO - 找到餐廳: Fiorino
2025-11-04 19:08:02,451 - INFO - 獲取 website: ChIJsaeaZXq4xokR1z4KSkIklKs (嘗試 1/3)
2025-11-04 19:08:04,620 - INFO - 找到 website: https://www.fiorino.us/
2025-11-04 19:08:04,627 - INFO - ✅ 成功取得 website: https://www.fiorino.us/
2025-11-04 19:08:04,634 - INFO - 
處理進度: 8/20
2025-11-04 19:08:04,635 - INFO - 餐廳名稱: Han dynasty (manayunk)
2025-11-04 19:08:04,635 - INFO - 處理餐廳: Han dynasty (manayunk)
2025-11-04 19:08:04,926 - INFO - 搜尋: 'Han dynasty (manayunk) Philadelphia' (嘗試 1/3)
2025-11-04 19:08:07,675 - INFO - 找到餐廳: Han Dynasty
2025-11-04 19:08:08,049 - INFO - 獲取 website: ChIJXcO3epW4xokRVmm33O9FboI (嘗試 1/3)
2025-11-04 19:08:10,186 - INFO - 找到 website: http://www.handynasty.net/
2025-11-04 19:08:10,199 - INFO - ✅ 成功取得 website: http://www.handynasty.net/
2025-11-04 19:08:10,202 - INFO - 
處理進度: 9/20
2025-11-04 19:08:10,203 - INFO - 餐廳名稱: White yak
2025-11-04 19:08:10,205 - INFO - 處理餐廳: White yak
2025-11-04 19:08:10,493 - INFO - 搜尋: 'White yak Philadelphia' (嘗試 1/3)
2025-11-04 19:08:12,900 - INFO - 找到餐廳: White Yak Restaurant
2025-11-04 19:08:13,292 - INFO - 獲取 website: ChIJETa_YEe5xokRfUZgcPEs3AQ (嘗試 1/3)
2025-11-04 19:08:15,369 - INFO - 找到 website: https://whiteyakrestaurant.com/?utm_source=google
2025-11-04 19:08:15,374 - INFO - ✅ 成功取得 website: https://whiteyakrestaurant.com/?utm_source=google
2025-11-04 19:08:15,376 - INFO - 
處理進度: 10/20
2025-11-04 19:08:15,377 - INFO - 餐廳名稱: Vientiane Bistro
2025-11-04 19:08:15,378 - INFO - 處理餐廳: Vientiane Bistro
2025-11-04 19:08:15,812 - INFO - 搜尋: 'Vientiane Bistro Philadelphia' (嘗試 1/3)
2025-11-04 19:08:18,185 - INFO - 找到餐廳: Vientiane Bistro
2025-11-04 19:08:18,467 - INFO - 獲取 website: ChIJuzo8Nn_JxokR2Fo3kyonL3g (嘗試 1/3)
2025-11-04 19:08:20,698 - INFO - 找到 website: https://www.vientianebistro.com/
2025-11-04 19:08:20,711 - INFO - ✅ 成功取得 website: https://www.vientianebistro.com/
2025-11-04 19:08:20,715 - INFO - 
進度摘要: 成功 8, 無 website 0, 錯誤 2
2025-11-04 19:08:20,718 - INFO - 
處理進度: 11/20
2025-11-04 19:08:20,719 - INFO - 餐廳名稱: Fiorino
2025-11-04 19:08:20,720 - INFO - 處理餐廳: Fiorino
2025-11-04 19:08:21,091 - INFO - 搜尋: 'Fiorino Philadelphia' (嘗試 1/3)
2025-11-04 19:08:23,122 - INFO - 找到餐廳: Fiorino
2025-11-04 19:08:23,622 - INFO - 獲取 website: ChIJsaeaZXq4xokR1z4KSkIklKs (嘗試 1/3)
2025-11-04 19:08:25,855 - INFO - 找到 website: https://www.fiorino.us/
2025-11-04 19:08:25,862 - INFO - ✅ 成功取得 website: https://www.fiorino.us/
2025-11-04 19:08:25,864 - INFO - 
處理進度: 12/20
2025-11-04 19:08:25,864 - INFO - 餐廳名稱: Core de roma
2025-11-04 19:08:25,865 - INFO - 處理餐廳: Core de roma
2025-11-04 19:08:26,123 - INFO - 搜尋: 'Core de roma Philadelphia' (嘗試 1/3)
2025-11-04 19:08:28,710 - INFO - 找到餐廳: Core de Roma
2025-11-04 19:08:29,014 - INFO - 獲取 website: ChIJawvP9fm5xokRIM5TjfNxkRM (嘗試 1/3)
2025-11-04 19:08:31,228 - INFO - 找到 website: https://www.corederomabelmont.com/
2025-11-04 19:08:31,234 - INFO - ✅ 成功取得 website: https://www.corederomabelmont.com/
2025-11-04 19:08:31,235 - INFO - 
處理進度: 13/20
2025-11-04 19:08:31,236 - INFO - 餐廳名稱: Yanoko restaurant
2025-11-04 19:08:31,236 - INFO - 處理餐廳: Yanoko restaurant
2025-11-04 19:08:31,710 - INFO - 搜尋: 'Yanoko restaurant Philadelphia' (嘗試 1/3)
2025-11-04 19:08:34,084 - INFO - 找到餐廳: Yanako Restaurant
2025-11-04 19:08:34,549 - INFO - 獲取 website: ChIJKcXbBZW4xokRJTs1MEk88Zk (嘗試 1/3)
2025-11-04 19:08:36,666 - INFO - 找到 website: https://theyanako.com/
2025-11-04 19:08:36,671 - INFO - ✅ 成功取得 website: https://theyanako.com/
2025-11-04 19:08:36,672 - INFO - 
處理進度: 14/20
2025-11-04 19:08:36,673 - INFO - 餐廳名稱: Chabba Thai bistro
2025-11-04 19:08:36,674 - INFO - 處理餐廳: Chabba Thai bistro
2025-11-04 19:08:37,015 - INFO - 搜尋: 'Chabba Thai bistro Philadelphia' (嘗試 1/3)
2025-11-04 19:08:39,316 - INFO - 找到餐廳: Chabaa Thai Bistro
2025-11-04 19:08:39,687 - INFO - 獲取 website: ChIJ687jpkvwb0AR--WyHBERox0 (嘗試 1/3)
2025-11-04 19:08:41,792 - INFO - 找到 website: https://chabaathai.com/
2025-11-04 19:08:41,798 - INFO - ✅ 成功取得 website: https://chabaathai.com/
2025-11-04 19:08:41,799 - INFO - 
處理進度: 15/20
2025-11-04 19:08:41,800 - INFO - 餐廳名稱: Apricot Stone
2025-11-04 19:08:41,801 - INFO - 處理餐廳: Apricot Stone
2025-11-04 19:08:42,296 - INFO - 搜尋: 'Apricot Stone Philadelphia' (嘗試 1/3)
2025-11-04 19:08:44,839 - INFO - 找到餐廳: Apricot Stone BYOB
2025-11-04 19:08:45,348 - INFO - 獲取 website: ChIJrZDlnm_IxokRbvXj5j5rJKs (嘗試 1/3)
2025-11-04 19:08:47,511 - INFO - 找到 website: http://www.apricotstonephilly.com/
2025-11-04 19:08:47,523 - INFO - ✅ 成功取得 website: http://www.apricotstonephilly.com/
2025-11-04 19:08:47,525 - INFO - 
處理進度: 16/20
2025-11-04 19:08:47,528 - INFO - 餐廳名稱: Sakartvelo
2025-11-04 19:08:47,530 - INFO - 處理餐廳: Sakartvelo
2025-11-04 19:08:47,798 - INFO - 搜尋: 'Sakartvelo Philadelphia' (嘗試 1/3)
2025-11-04 19:08:50,144 - INFO - 找到餐廳: Sakartvelo
2025-11-04 19:08:50,413 - INFO - 獲取 website: ChIJj-OcAoXJxokRKpk5kkXsoCI (嘗試 1/3)
2025-11-04 19:08:52,520 - INFO - 找到 website: https://sakartvelopa.com/
2025-11-04 19:08:52,531 - INFO - ✅ 成功取得 website: https://sakartvelopa.com/
2025-11-04 19:08:52,533 - INFO - 
處理進度: 17/20
2025-11-04 19:08:52,534 - INFO - 餐廳名稱: Yamitsuki
2025-11-04 19:08:52,535 - INFO - 處理餐廳: Yamitsuki
2025-11-04 19:08:52,858 - INFO - 搜尋: 'Yamitsuki Philadelphia' (嘗試 1/3)
2025-11-04 19:08:55,599 - INFO - 找到餐廳: Yamitsuki
2025-11-04 19:08:55,872 - INFO - 獲取 website: ChIJV9HSKirGxokRyE0loG8dYx0 (嘗試 1/3)
2025-11-04 19:08:58,128 - INFO - 找到 website: https://yamitsuki1028.wixsite.com/yamitsukiramen
2025-11-04 19:08:58,134 - INFO - ✅ 成功取得 website: https://yamitsuki1028.wixsite.com/yamitsukiramen
2025-11-04 19:08:58,135 - INFO - 
處理進度: 18/20
2025-11-04 19:08:58,136 - INFO - 餐廳名稱: La Nonna
2025-11-04 19:08:58,136 - INFO - 處理餐廳: La Nonna
2025-11-04 19:08:58,463 - INFO - 搜尋: 'La Nonna Philadelphia' (嘗試 1/3)
2025-11-04 19:09:00,941 - INFO - 找到餐廳: La Nonna
2025-11-04 19:09:01,355 - INFO - 獲取 website: ChIJR_sXcZnIxokRI6dOYPg_CfU (嘗試 1/3)
2025-11-04 19:09:03,567 - INFO - 找到 website: http://ristorantelanonna.com/
2025-11-04 19:09:03,573 - INFO - ✅ 成功取得 website: http://ristorantelanonna.com/
2025-11-04 19:09:03,574 - INFO - 
處理進度: 19/20
2025-11-04 19:09:03,575 - INFO - 餐廳名稱: White Yak
2025-11-04 19:09:03,576 - INFO - 處理餐廳: White Yak
2025-11-04 19:09:04,058 - INFO - 搜尋: 'White Yak Philadelphia' (嘗試 1/3)
2025-11-04 19:09:07,459 - INFO - 找到餐廳: White Yak Restaurant
2025-11-04 19:09:07,851 - INFO - 獲取 website: ChIJETa_YEe5xokRfUZgcPEs3AQ (嘗試 1/3)
2025-11-04 19:09:09,937 - INFO - 找到 website: https://whiteyakrestaurant.com/?utm_source=google
2025-11-04 19:09:09,944 - INFO - ✅ 成功取得 website: https://whiteyakrestaurant.com/?utm_source=google
2025-11-04 19:09:09,945 - INFO - 
處理進度: 20/20
2025-11-04 19:09:09,946 - INFO - 餐廳名稱: Burrata
2025-11-04 19:09:09,946 - INFO - 處理餐廳: Burrata
2025-11-04 19:09:10,224 - INFO - 搜尋: 'Burrata Philadelphia' (嘗試 1/3)
2025-11-04 19:09:12,923 - INFO - 找到餐廳: Burrata
2025-11-04 19:09:13,215 - INFO - 獲取 website: ChIJVVW8GxrGxokRZJ1JaER4I58 (嘗試 1/3)
2025-11-04 19:09:15,316 - INFO - 找到 website: http://www.burrataphilly.com/
2025-11-04 19:09:15,324 - INFO - ✅ 成功取得 website: http://www.burrataphilly.com/
2025-11-04 19:09:15,325 - INFO - 
進度摘要: 成功 18, 無 website 0, 錯誤 2
2025-11-04 19:09:15,434 - INFO - 
結果已儲存至: data\Philly BYOB Restaurant google form_with_websites_20251104_190915.xlsx
2025-11-04 19:09:15,437 - INFO - 
============================================================
2025-11-04 19:09:15,439 - INFO - 處理完成統計
2025-11-04 19:09:15,442 - INFO - ============================================================
2025-11-04 19:09:15,443 - INFO - 總處理數: 20
2025-11-04 19:09:15,446 - INFO - 成功取得 website: 18
2025-11-04 19:09:15,446 - INFO - 找到餐廳但無 website: 0
2025-11-04 19:09:15,448 - INFO - 處理失敗: 2
2025-11-04 19:09:15,450 - INFO - API 請求總數: 40
2025-11-04 19:09:15,453 - INFO - 成功率: 90.0%
2025-11-04 19:09:15,454 - INFO - ============================================================
